#-----------------------------------------------------------
# Vivado v2019.1 (64-bit)
# SW Build 2552052 on Fri May 24 14:49:42 MDT 2019
# IP Build 2548770 on Fri May 24 18:01:18 MDT 2019
# Start of session at: Fri Jul 24 09:27:49 2026
# Process ID: 8808
# Current directory: C:/Users/root/Documents/Abdullah/project_IRJS_types
# Command line: vivado.exe -gui_launcher_event rodinguilauncherevent15280 C:\Users\root\Documents\Abdullah\project_IRJS_types\project_IRJS_types.xpr
# Log file: C:/Users/root/Documents/Abdullah/project_IRJS_types/vivado.log
# Journal file: C:/Users/root/Documents/Abdullah/project_IRJS_types\vivado.jou
#-----------------------------------------------------------
start_gui
open_project C:/Users/root/Documents/Abdullah/project_IRJS_types/project_IRJS_types.xpr
Scanning sources...
Finished scanning sources
INFO: [IP_Flow 19-234] Refreshing IP repositories
INFO: [IP_Flow 19-1704] No user IP repositories specified
INFO: [IP_Flow 19-2313] Loaded Vivado IP repository 'C:/Xilinx/Vivado/2019.1/data/ip'.
update_compile_order -fileset sources_1
export_ip_user_files -of_objects  [get_files C:/Users/root/Documents/Abdullah/project_IRJS_types/project_IRJS_types.srcs/sources_1/imports/Abdullah/data_mem.sv] -no_script -reset -force -quiet
remove_files  C:/Users/root/Documents/Abdullah/project_IRJS_types/project_IRJS_types.srcs/sources_1/imports/Abdullah/data_mem.sv
export_ip_user_files -of_objects  [get_files C:/Users/root/Documents/Abdullah/project_IRJS_types/project_IRJS_types.srcs/sim_1/imports/Abdullah/data_mem_ctrl_tb.sv] -no_script -reset -force -quiet
remove_files  -fileset sim_1 C:/Users/root/Documents/Abdullah/project_IRJS_types/project_IRJS_types.srcs/sim_1/imports/Abdullah/data_mem_ctrl_tb.sv
add_files -norecurse -scan_for_includes C:/Users/root/Documents/Abdullah/data_mem.sv
import_files -force -norecurse C:/Users/root/Documents/Abdullah/data_mem.sv
update_compile_order -fileset sources_1
launch_simulation
INFO: [Vivado 12-5682] Launching behavioral simulation in 'C:/Users/root/Documents/Abdullah/project_IRJS_types/project_IRJS_types.sim/sim_1/behav/xsim'
INFO: [SIM-utils-51] Simulation object is 'sim_1'
INFO: [SIM-utils-54] Inspecting design source files for 'data_mem_tb' in fileset 'sim_1'...
INFO: [SIM-utils-43] Exported 'C:/Users/root/Documents/Abdullah/project_IRJS_types/project_IRJS_types.sim/sim_1/behav/xsim/instructions.mem'
INFO: [USF-XSim-97] Finding global include files...
INFO: [USF-XSim-98] Fetching design files from 'sim_1'...
INFO: [USF-XSim-2] XSim::Compile design
INFO: [USF-XSim-61] Executing 'COMPILE and ANALYZE' step in 'C:/Users/root/Documents/Abdullah/project_IRJS_types/project_IRJS_types.sim/sim_1/behav/xsim'
"xvlog --incr --relax -prj data_mem_tb_vlog.prj"
INFO: [VRFC 10-2263] Analyzing SystemVerilog file "C:/Users/root/Documents/Abdullah/project_IRJS_types/project_IRJS_types.srcs/sources_1/imports/Abdullah/data_mem.sv" into library xil_defaultlib
INFO: [VRFC 10-311] analyzing module data_mem
INFO: [USF-XSim-69] 'compile' step finished in '1' seconds
INFO: [USF-XSim-3] XSim::Elaborate design
INFO: [USF-XSim-61] Executing 'ELABORATE' step in 'C:/Users/root/Documents/Abdullah/project_IRJS_types/project_IRJS_types.sim/sim_1/behav/xsim'
"xelab -wto 72edfa7ef0894110b36fe159e761777f --incr --debug typical --relax --mt 2 -L xil_defaultlib -L unisims_ver -L unimacro_ver -L secureip --snapshot data_mem_tb_behav xil_defaultlib.data_mem_tb xil_defaultlib.glbl -log elaborate.log"
Vivado Simulator 2019.1
Copyright 1986-1999, 2001-2019 Xilinx, Inc. All Rights Reserved.
Running: C:/Xilinx/Vivado/2019.1/bin/unwrapped/win64.o/xelab.exe -wto 72edfa7ef0894110b36fe159e761777f --incr --debug typical --relax --mt 2 -L xil_defaultlib -L unisims_ver -L unimacro_ver -L secureip --snapshot data_mem_tb_behav xil_defaultlib.data_mem_tb xil_defaultlib.glbl -log elaborate.log 
Using 2 slave threads.
Starting static elaboration
ERROR: [VRFC 10-3180] cannot find port 'write_mask' on this module [C:/Users/root/Documents/Abdullah/project_IRJS_types/project_IRJS_types.srcs/sources_1/imports/Abdullah/data_mem_tb.sv:19]
ERROR: [XSIM 43-3322] Static elaboration of top level Verilog design unit(s) in library work failed.
INFO: [USF-XSim-69] 'elaborate' step finished in '1' seconds
INFO: [USF-XSim-99] Step results log file:'C:/Users/root/Documents/Abdullah/project_IRJS_types/project_IRJS_types.sim/sim_1/behav/xsim/elaborate.log'
ERROR: [USF-XSim-62] 'elaborate' step failed with error(s). Please check the Tcl console output or 'C:/Users/root/Documents/Abdullah/project_IRJS_types/project_IRJS_types.sim/sim_1/behav/xsim/elaborate.log' file for more information.
ERROR: [Vivado 12-4473] Detected error while running simulation. Please correct the issue and retry this operation.
ERROR: [Common 17-39] 'launch_simulation' failed due to earlier errors.
export_ip_user_files -of_objects  [get_files C:/Users/root/Documents/Abdullah/project_IRJS_types/project_IRJS_types.srcs/sources_1/imports/Abdullah/data_mem_tb.sv] -no_script -reset -force -quiet
remove_files  C:/Users/root/Documents/Abdullah/project_IRJS_types/project_IRJS_types.srcs/sources_1/imports/Abdullah/data_mem_tb.sv
update_compile_order -fileset sources_1
update_compile_order -fileset sim_1
add_files -norecurse -scan_for_includes C:/Users/root/Documents/Abdullah/data_mem_tb.sv
import_files -force -norecurse C:/Users/root/Documents/Abdullah/data_mem_tb.sv
update_compile_order -fileset sources_1
update_compile_order -fileset sim_1
export_ip_user_files -of_objects  [get_files C:/Users/root/Documents/Abdullah/project_IRJS_types/project_IRJS_types.srcs/sources_1/imports/Abdullah/data_mem.sv] -no_script -reset -force -quiet
remove_files  C:/Users/root/Documents/Abdullah/project_IRJS_types/project_IRJS_types.srcs/sources_1/imports/Abdullah/data_mem.sv
add_files -norecurse -scan_for_includes C:/Users/root/Documents/Abdullah/data_mem.sv
import_files -force -norecurse C:/Users/root/Documents/Abdullah/data_mem.sv
update_compile_order -fileset sources_1
launch_simulation
INFO: [Vivado 12-5682] Launching behavioral simulation in 'C:/Users/root/Documents/Abdullah/project_IRJS_types/project_IRJS_types.sim/sim_1/behav/xsim'
INFO: [SIM-utils-51] Simulation object is 'sim_1'
INFO: [SIM-utils-54] Inspecting design source files for 'data_mem_tb' in fileset 'sim_1'...
INFO: [SIM-utils-43] Exported 'C:/Users/root/Documents/Abdullah/project_IRJS_types/project_IRJS_types.sim/sim_1/behav/xsim/instructions.mem'
INFO: [USF-XSim-97] Finding global include files...
INFO: [USF-XSim-98] Fetching design files from 'sim_1'...
INFO: [USF-XSim-2] XSim::Compile design
INFO: [USF-XSim-61] Executing 'COMPILE and ANALYZE' step in 'C:/Users/root/Documents/Abdullah/project_IRJS_types/project_IRJS_types.sim/sim_1/behav/xsim'
"xvlog --incr --relax -prj data_mem_tb_vlog.prj"
INFO: [VRFC 10-2263] Analyzing SystemVerilog file "C:/Users/root/Documents/Abdullah/project_IRJS_types/project_IRJS_types.srcs/sources_1/imports/Abdullah/data_mem.sv" into library xil_defaultlib
INFO: [VRFC 10-311] analyzing module data_mem
INFO: [VRFC 10-2263] Analyzing SystemVerilog file "C:/Users/root/Documents/Abdullah/project_IRJS_types/project_IRJS_types.srcs/sources_1/imports/Abdullah/data_mem_tb.sv" into library xil_defaultlib
INFO: [VRFC 10-311] analyzing module data_mem_tb
INFO: [USF-XSim-69] 'compile' step finished in '1' seconds
INFO: [USF-XSim-3] XSim::Elaborate design
INFO: [USF-XSim-61] Executing 'ELABORATE' step in 'C:/Users/root/Documents/Abdullah/project_IRJS_types/project_IRJS_types.sim/sim_1/behav/xsim'
"xelab -wto 72edfa7ef0894110b36fe159e761777f --incr --debug typical --relax --mt 2 -L xil_defaultlib -L unisims_ver -L unimacro_ver -L secureip --snapshot data_mem_tb_behav xil_defaultlib.data_mem_tb xil_defaultlib.glbl -log elaborate.log"
Vivado Simulator 2019.1
Copyright 1986-1999, 2001-2019 Xilinx, Inc. All Rights Reserved.
Running: C:/Xilinx/Vivado/2019.1/bin/unwrapped/win64.o/xelab.exe -wto 72edfa7ef0894110b36fe159e761777f --incr --debug typical --relax --mt 2 -L xil_defaultlib -L unisims_ver -L unimacro_ver -L secureip --snapshot data_mem_tb_behav xil_defaultlib.data_mem_tb xil_defaultlib.glbl -log elaborate.log 
Using 2 slave threads.
Starting static elaboration
Completed static elaboration
Starting simulation data flow analysis
Completed simulation data flow analysis
Time Resolution for simulation is 1ps
Compiling module xil_defaultlib.data_mem
Compiling module xil_defaultlib.data_mem_tb
Compiling module xil_defaultlib.glbl
Built simulation snapshot data_mem_tb_behav
INFO: [USF-XSim-69] 'elaborate' step finished in '2' seconds
INFO: [USF-XSim-4] XSim::Simulate design
INFO: [USF-XSim-61] Executing 'SIMULATE' step in 'C:/Users/root/Documents/Abdullah/project_IRJS_types/project_IRJS_types.sim/sim_1/behav/xsim'
INFO: [USF-XSim-98] *** Running xsim
   with args "data_mem_tb_behav -key {Behavioral:sim_1:Functional:data_mem_tb} -tclbatch {data_mem_tb.tcl} -view {C:/Users/root/Documents/Abdullah/project_I_R_types/riscv_top_tb_behav.wcfg} -log {simulate.log}"
INFO: [USF-XSim-8] Loading simulator feature
Vivado Simulator 2019.1
Time resolution is 1 ps
open_wave_config C:/Users/root/Documents/Abdullah/project_I_R_types/riscv_top_tb_behav.wcfg
WARNING: Simulation object /data_mem_ctrl_tb/funct3 was not found in the design.
WARNING: Simulation object /data_mem_ctrl_tb/addr_lsb was not found in the design.
WARNING: Simulation object /data_mem_ctrl_tb/read_data_in was not found in the design.
WARNING: Simulation object /data_mem_ctrl_tb/write_data_in was not found in the design.
WARNING: Simulation object /data_mem_ctrl_tb/read_data_out was not found in the design.
WARNING: Simulation object /data_mem_ctrl_tb/write_data_out was not found in the design.
WARNING: Simulation object /data_mem_ctrl_tb/write_mask was not found in the design.
source data_mem_tb.tcl
# set curr_wave [current_wave_config]
# if { [string length $curr_wave] == 0 } {
#   if { [llength [get_objects]] > 0} {
#     add_wave /
#     set_property needs_save false [current_wave_config]
#   } else {
#      send_msg_id Add_Wave-1 WARNING "No top level signals found. Simulator will start without a wave window. If you want to open a wave window go to 'File->New Waveform Configuration' or type 'create_wave_config' in the TCL console."
#   }
# }
# run 1000ns
WARNING: File data.mem referenced on C:/Users/root/Documents/Abdullah/project_IRJS_types/project_IRJS_types.srcs/sources_1/imports/Abdullah/data_mem.sv at line 16 cannot be opened for reading. Please ensure that this file is available in the current working directory.
--- Starting Data Memory Testbench ---
PASS: Standard Read at Addr 4
PASS: Unaligned Read at Addr 6 (Mapped to 4 successfully)
PASS: Write Disable Protection Active.
PASS: Upper Boundary Read at Addr 4092
PASS: Half-Word Masking (Preserved top half)
PASS: Single Byte Masking (Isolated byte write)
PASS: mem_read Disable outputs 0
--- Testbench Complete ---
$finish called at time : 160 ns : File "C:/Users/root/Documents/Abdullah/project_IRJS_types/project_IRJS_types.srcs/sources_1/imports/Abdullah/data_mem_tb.sv" Line 147
INFO: [USF-XSim-96] XSim completed. Design snapshot 'data_mem_tb_behav' loaded.
INFO: [USF-XSim-97] XSim simulation ran for 1000ns
launch_simulation: Time (s): cpu = 00:00:01 ; elapsed = 00:00:07 . Memory (MB): peak = 833.605 ; gain = 20.805
current_wave_config {}
WARNING: [Wavedata 42-16] Error Unable to get wave configuration ''.
riscv_top_tb_behav.wcfg
add_wave {{/data_mem_tb/clk}} {{/data_mem_tb/mem_read}} {{/data_mem_tb/mem_write}} {{/data_mem_tb/write_mask}} {{/data_mem_tb/addr}} {{/data_mem_tb/write_data}} {{/data_mem_tb/read_data}} 
relaunch_sim
INFO: [Vivado 12-5682] Launching behavioral simulation in 'C:/Users/root/Documents/Abdullah/project_IRJS_types/project_IRJS_types.sim/sim_1/behav/xsim'
INFO: [SIM-utils-51] Simulation object is 'sim_1'
INFO: [SIM-utils-54] Inspecting design source files for 'data_mem_tb' in fileset 'sim_1'...
INFO: [SIM-utils-43] Exported 'C:/Users/root/Documents/Abdullah/project_IRJS_types/project_IRJS_types.sim/sim_1/behav/xsim/instructions.mem'
INFO: [USF-XSim-97] Finding global include files...
INFO: [USF-XSim-98] Fetching design files from 'sim_1'...
INFO: [USF-XSim-2] XSim::Compile design
INFO: [USF-XSim-61] Executing 'COMPILE and ANALYZE' step in 'C:/Users/root/Documents/Abdullah/project_IRJS_types/project_IRJS_types.sim/sim_1/behav/xsim'
"xvlog --incr --relax -prj data_mem_tb_vlog.prj"
INFO: [VRFC 10-2263] Analyzing SystemVerilog file "C:/Users/root/Documents/Abdullah/project_IRJS_types/project_IRJS_types.srcs/sources_1/imports/Abdullah/data_mem.sv" into library xil_defaultlib
INFO: [VRFC 10-311] analyzing module data_mem
INFO: [VRFC 10-2263] Analyzing SystemVerilog file "C:/Users/root/Documents/Abdullah/project_IRJS_types/project_IRJS_types.srcs/sources_1/imports/Abdullah/data_mem_tb.sv" into library xil_defaultlib
INFO: [VRFC 10-311] analyzing module data_mem_tb
INFO: [USF-XSim-69] 'compile' step finished in '1' seconds
INFO: [Vivado 12-5682] Launching behavioral simulation in 'C:/Users/root/Documents/Abdullah/project_IRJS_types/project_IRJS_types.sim/sim_1/behav/xsim'
INFO: [USF-XSim-3] XSim::Elaborate design
INFO: [USF-XSim-61] Executing 'ELABORATE' step in 'C:/Users/root/Documents/Abdullah/project_IRJS_types/project_IRJS_types.sim/sim_1/behav/xsim'
"xelab -wto 72edfa7ef0894110b36fe159e761777f --incr --debug typical --relax --mt 2 -L xil_defaultlib -L unisims_ver -L unimacro_ver -L secureip --snapshot data_mem_tb_behav xil_defaultlib.data_mem_tb xil_defaultlib.glbl -log elaborate.log"
Vivado Simulator 2019.1
Copyright 1986-1999, 2001-2019 Xilinx, Inc. All Rights Reserved.
Running: C:/Xilinx/Vivado/2019.1/bin/unwrapped/win64.o/xelab.exe -wto 72edfa7ef0894110b36fe159e761777f --incr --debug typical --relax --mt 2 -L xil_defaultlib -L unisims_ver -L unimacro_ver -L secureip --snapshot data_mem_tb_behav xil_defaultlib.data_mem_tb xil_defaultlib.glbl -log elaborate.log 
Using 2 slave threads.
Starting static elaboration
Completed static elaboration
Starting simulation data flow analysis
Completed simulation data flow analysis
Time Resolution for simulation is 1ps
Compiling module xil_defaultlib.data_mem
Compiling module xil_defaultlib.data_mem_tb
Compiling module xil_defaultlib.glbl
Built simulation snapshot data_mem_tb_behav
INFO: [USF-XSim-69] 'elaborate' step finished in '1' seconds
Vivado Simulator 2019.1
Time resolution is 1 ps
WARNING: File data.mem referenced on C:/Users/root/Documents/Abdullah/project_IRJS_types/project_IRJS_types.srcs/sources_1/imports/Abdullah/data_mem.sv at line 16 cannot be opened for reading. Please ensure that this file is available in the current working directory.
--- Starting Data Memory Testbench ---
PASS: Standard Read at Addr 4
PASS: Unaligned Read at Addr 6 (Mapped to 4 successfully)
PASS: Write Disable Protection Active.
PASS: Upper Boundary Read at Addr 4092
PASS: Half-Word Masking (Preserved top half)
PASS: Single Byte Masking (Isolated byte write)
PASS: mem_read Disable outputs 0
--- Testbench Complete ---
$finish called at time : 160 ns : File "C:/Users/root/Documents/Abdullah/project_IRJS_types/project_IRJS_types.srcs/sources_1/imports/Abdullah/data_mem_tb.sv" Line 147
relaunch_sim: Time (s): cpu = 00:00:01 ; elapsed = 00:00:05 . Memory (MB): peak = 839.531 ; gain = 0.000
save_wave_config {C:/Users/root/Documents/Abdullah/project_I_R_types/riscv_top_tb_behav.wcfg}
close_sim
INFO: [Simtcl 6-16] Simulation closed
export_ip_user_files -of_objects  [get_files C:/Users/root/Documents/Abdullah/project_IRJS_types/project_IRJS_types.srcs/sources_1/imports/Abdullah/data_mem_tb.sv] -no_script -reset -force -quiet
remove_files  C:/Users/root/Documents/Abdullah/project_IRJS_types/project_IRJS_types.srcs/sources_1/imports/Abdullah/data_mem_tb.sv
export_ip_user_files -of_objects  [get_files C:/Users/root/Documents/Abdullah/project_IRJS_types/project_IRJS_types.srcs/sources_1/imports/Abdullah/data_mem.sv] -no_script -reset -force -quiet
remove_files  C:/Users/root/Documents/Abdullah/project_IRJS_types/project_IRJS_types.srcs/sources_1/imports/Abdullah/data_mem.sv
update_compile_order -fileset sources_1
update_compile_order -fileset sim_1
add_files -norecurse -scan_for_includes {C:/Users/root/Documents/Abdullah/data_mem_tb.sv C:/Users/root/Documents/Abdullah/data_mem.sv}
update_compile_order -fileset sources_1
update_compile_order -fileset sim_1
export_ip_user_files -of_objects  [get_files C:/Users/root/Documents/Abdullah/riscv_top.sv] -no_script -reset -force -quiet
export_ip_user_files -of_objects  [get_files C:/Users/root/Documents/Abdullah/program_counter.sv] -no_script -reset -force -quiet
export_ip_user_files -of_objects  [get_files C:/Users/root/Documents/Abdullah/i_mem.sv] -no_script -reset -force -quiet
export_ip_user_files -of_objects  [get_files C:/Users/root/Documents/Abdullah/reg_file.sv] -no_script -reset -force -quiet
export_ip_user_files -of_objects  [get_files C:/Users/root/Documents/Abdullah/imm_gen.sv] -no_script -reset -force -quiet
export_ip_user_files -of_objects  [get_files C:/Users/root/Documents/Abdullah/main_ctrl.sv] -no_script -reset -force -quiet
export_ip_user_files -of_objects  [get_files C:/Users/root/Documents/Abdullah/alu.sv] -no_script -reset -force -quiet
export_ip_user_files -of_objects  [get_files C:/Users/root/Documents/Abdullah/alu_ctrl.sv] -no_script -reset -force -quiet
remove_files  {C:/Users/root/Documents/Abdullah/riscv_top.sv C:/Users/root/Documents/Abdullah/program_counter.sv C:/Users/root/Documents/Abdullah/i_mem.sv C:/Users/root/Documents/Abdullah/reg_file.sv C:/Users/root/Documents/Abdullah/imm_gen.sv C:/Users/root/Documents/Abdullah/main_ctrl.sv C:/Users/root/Documents/Abdullah/alu.sv C:/Users/root/Documents/Abdullah/alu_ctrl.sv}
export_ip_user_files -of_objects  [get_files C:/Users/root/Documents/Abdullah/project_IRJS_types/project_IRJS_types.srcs/sources_1/imports/Abdullah/data_mem_ctrl_tb.sv] -no_script -reset -force -quiet
remove_files  C:/Users/root/Documents/Abdullah/project_IRJS_types/project_IRJS_types.srcs/sources_1/imports/Abdullah/data_mem_ctrl_tb.sv
export_ip_user_files -of_objects  [get_files C:/Users/root/Documents/Abdullah/project_IRJS_types/project_IRJS_types.srcs/sources_1/imports/Abdullah/data_mem_ctrl.sv] -no_script -reset -force -quiet
remove_files  C:/Users/root/Documents/Abdullah/project_IRJS_types/project_IRJS_types.srcs/sources_1/imports/Abdullah/data_mem_ctrl.sv
add_files -norecurse -scan_for_includes {C:/Users/root/Documents/Abdullah/data_mem_ctrl_tb.sv C:/Users/root/Documents/Abdullah/i_mem_tb.sv C:/Users/root/Documents/Abdullah/riscv_top.sv C:/Users/root/Documents/Abdullah/riscv_top_tb.sv C:/Users/root/Documents/Abdullah/alu_ctrl.sv C:/Users/root/Documents/Abdullah/alu_tb.sv C:/Users/root/Documents/Abdullah/imm_gen_tb.sv C:/Users/root/Documents/Abdullah/program_counter.sv C:/Users/root/Documents/Abdullah/main_ctrl_tb.sv C:/Users/root/Documents/Abdullah/alu.sv C:/Users/root/Documents/Abdullah/program_counter_tb.sv C:/Users/root/Documents/Abdullah/reg_file_tb.sv C:/Users/root/Documents/Abdullah/alu_ctrl_tb.sv C:/Users/root/Documents/Abdullah/reg_file.sv C:/Users/root/Documents/Abdullah/data_mem_ctrl.sv C:/Users/root/Documents/Abdullah/i_mem.sv C:/Users/root/Documents/Abdullah/main_ctrl.sv C:/Users/root/Documents/Abdullah/imm_gen.sv}
update_compile_order -fileset sources_1
set_property top riscv_top_tb [current_fileset]
update_compile_order -fileset sources_1
set_property top riscv_top_tb [get_filesets sim_1]
set_property top_lib xil_defaultlib [get_filesets sim_1]
set_property top_file C:/Users/root/Documents/Abdullah/riscv_top_tb.sv [get_filesets sim_1]
update_compile_order -fileset sim_1
launch_simulation
INFO: [Vivado 12-5682] Launching behavioral simulation in 'C:/Users/root/Documents/Abdullah/project_IRJS_types/project_IRJS_types.sim/sim_1/behav/xsim'
INFO: [SIM-utils-51] Simulation object is 'sim_1'
INFO: [SIM-utils-54] Inspecting design source files for 'riscv_top_tb' in fileset 'sim_1'...
INFO: [SIM-utils-43] Exported 'C:/Users/root/Documents/Abdullah/project_IRJS_types/project_IRJS_types.sim/sim_1/behav/xsim/instructions.mem'
INFO: [USF-XSim-97] Finding global include files...
INFO: [USF-XSim-98] Fetching design files from 'sim_1'...
INFO: [USF-XSim-2] XSim::Compile design
INFO: [USF-XSim-61] Executing 'COMPILE and ANALYZE' step in 'C:/Users/root/Documents/Abdullah/project_IRJS_types/project_IRJS_types.sim/sim_1/behav/xsim'
"xvlog --incr --relax -prj riscv_top_tb_vlog.prj"
INFO: [VRFC 10-2263] Analyzing SystemVerilog file "C:/Users/root/Documents/Abdullah/alu.sv" into library xil_defaultlib
INFO: [VRFC 10-311] analyzing module alu
INFO: [VRFC 10-2263] Analyzing SystemVerilog file "C:/Users/root/Documents/Abdullah/alu_ctrl.sv" into library xil_defaultlib
INFO: [VRFC 10-311] analyzing module alu_ctrl
INFO: [VRFC 10-2263] Analyzing SystemVerilog file "C:/Users/root/Documents/Abdullah/data_mem.sv" into library xil_defaultlib
INFO: [VRFC 10-311] analyzing module data_mem
INFO: [VRFC 10-2263] Analyzing SystemVerilog file "C:/Users/root/Documents/Abdullah/data_mem_ctrl.sv" into library xil_defaultlib
INFO: [VRFC 10-311] analyzing module data_mem_ctrl
INFO: [VRFC 10-2263] Analyzing SystemVerilog file "C:/Users/root/Documents/Abdullah/i_mem.sv" into library xil_defaultlib
INFO: [VRFC 10-311] analyzing module i_mem
INFO: [VRFC 10-2263] Analyzing SystemVerilog file "C:/Users/root/Documents/Abdullah/imm_gen.sv" into library xil_defaultlib
INFO: [VRFC 10-311] analyzing module imm_gen
INFO: [VRFC 10-2263] Analyzing SystemVerilog file "C:/Users/root/Documents/Abdullah/main_ctrl.sv" into library xil_defaultlib
INFO: [VRFC 10-311] analyzing module main_ctrl
INFO: [VRFC 10-2263] Analyzing SystemVerilog file "C:/Users/root/Documents/Abdullah/program_counter.sv" into library xil_defaultlib
INFO: [VRFC 10-311] analyzing module program_counter
INFO: [VRFC 10-2263] Analyzing SystemVerilog file "C:/Users/root/Documents/Abdullah/reg_file.sv" into library xil_defaultlib
INFO: [VRFC 10-311] analyzing module reg_file
INFO: [VRFC 10-2263] Analyzing SystemVerilog file "C:/Users/root/Documents/Abdullah/riscv_top.sv" into library xil_defaultlib
INFO: [VRFC 10-311] analyzing module riscv_top
ERROR: [VRFC 10-2989] 'read_dmem_data' is not declared [C:/Users/root/Documents/Abdullah/riscv_top.sv:60]
ERROR: [VRFC 10-2865] module 'riscv_top' ignored due to previous errors [C:/Users/root/Documents/Abdullah/riscv_top.sv:3]
INFO: [USF-XSim-69] 'compile' step finished in '1' seconds
INFO: [USF-XSim-99] Step results log file:'C:/Users/root/Documents/Abdullah/project_IRJS_types/project_IRJS_types.sim/sim_1/behav/xsim/xvlog.log'
ERROR: [USF-XSim-62] 'compile' step failed with error(s). Please check the Tcl console output or 'C:/Users/root/Documents/Abdullah/project_IRJS_types/project_IRJS_types.sim/sim_1/behav/xsim/xvlog.log' file for more information.
ERROR: [Vivado 12-4473] Detected error while running simulation. Please correct the issue and retry this operation.
ERROR: [Common 17-39] 'launch_simulation' failed due to earlier errors.
launch_simulation
INFO: [Vivado 12-5682] Launching behavioral simulation in 'C:/Users/root/Documents/Abdullah/project_IRJS_types/project_IRJS_types.sim/sim_1/behav/xsim'
INFO: [SIM-utils-51] Simulation object is 'sim_1'
INFO: [SIM-utils-54] Inspecting design source files for 'riscv_top_tb' in fileset 'sim_1'...
INFO: [SIM-utils-43] Exported 'C:/Users/root/Documents/Abdullah/project_IRJS_types/project_IRJS_types.sim/sim_1/behav/xsim/instructions.mem'
INFO: [USF-XSim-97] Finding global include files...
INFO: [USF-XSim-98] Fetching design files from 'sim_1'...
INFO: [USF-XSim-2] XSim::Compile design
INFO: [USF-XSim-61] Executing 'COMPILE and ANALYZE' step in 'C:/Users/root/Documents/Abdullah/project_IRJS_types/project_IRJS_types.sim/sim_1/behav/xsim'
"xvlog --incr --relax -prj riscv_top_tb_vlog.prj"
INFO: [VRFC 10-2263] Analyzing SystemVerilog file "C:/Users/root/Documents/Abdullah/alu.sv" into library xil_defaultlib
INFO: [VRFC 10-311] analyzing module alu
INFO: [VRFC 10-2263] Analyzing SystemVerilog file "C:/Users/root/Documents/Abdullah/alu_ctrl.sv" into library xil_defaultlib
INFO: [VRFC 10-311] analyzing module alu_ctrl
INFO: [VRFC 10-2263] Analyzing SystemVerilog file "C:/Users/root/Documents/Abdullah/data_mem.sv" into library xil_defaultlib
INFO: [VRFC 10-311] analyzing module data_mem
INFO: [VRFC 10-2263] Analyzing SystemVerilog file "C:/Users/root/Documents/Abdullah/data_mem_ctrl.sv" into library xil_defaultlib
INFO: [VRFC 10-311] analyzing module data_mem_ctrl
INFO: [VRFC 10-2263] Analyzing SystemVerilog file "C:/Users/root/Documents/Abdullah/i_mem.sv" into library xil_defaultlib
INFO: [VRFC 10-311] analyzing module i_mem
INFO: [VRFC 10-2263] Analyzing SystemVerilog file "C:/Users/root/Documents/Abdullah/imm_gen.sv" into library xil_defaultlib
INFO: [VRFC 10-311] analyzing module imm_gen
INFO: [VRFC 10-2263] Analyzing SystemVerilog file "C:/Users/root/Documents/Abdullah/main_ctrl.sv" into library xil_defaultlib
INFO: [VRFC 10-311] analyzing module main_ctrl
INFO: [VRFC 10-2263] Analyzing SystemVerilog file "C:/Users/root/Documents/Abdullah/program_counter.sv" into library xil_defaultlib
INFO: [VRFC 10-311] analyzing module program_counter
INFO: [VRFC 10-2263] Analyzing SystemVerilog file "C:/Users/root/Documents/Abdullah/reg_file.sv" into library xil_defaultlib
INFO: [VRFC 10-311] analyzing module reg_file
INFO: [VRFC 10-2263] Analyzing SystemVerilog file "C:/Users/root/Documents/Abdullah/riscv_top.sv" into library xil_defaultlib
INFO: [VRFC 10-311] analyzing module riscv_top
INFO: [VRFC 10-2263] Analyzing SystemVerilog file "C:/Users/root/Documents/Abdullah/riscv_top_tb.sv" into library xil_defaultlib
INFO: [VRFC 10-311] analyzing module riscv_top_tb
INFO: [USF-XSim-69] 'compile' step finished in '1' seconds
INFO: [USF-XSim-3] XSim::Elaborate design
INFO: [USF-XSim-61] Executing 'ELABORATE' step in 'C:/Users/root/Documents/Abdullah/project_IRJS_types/project_IRJS_types.sim/sim_1/behav/xsim'
"xelab -wto 72edfa7ef0894110b36fe159e761777f --incr --debug typical --relax --mt 2 -L xil_defaultlib -L unisims_ver -L unimacro_ver -L secureip --snapshot riscv_top_tb_behav xil_defaultlib.riscv_top_tb xil_defaultlib.glbl -log elaborate.log"
Vivado Simulator 2019.1
Copyright 1986-1999, 2001-2019 Xilinx, Inc. All Rights Reserved.
Running: C:/Xilinx/Vivado/2019.1/bin/unwrapped/win64.o/xelab.exe -wto 72edfa7ef0894110b36fe159e761777f --incr --debug typical --relax --mt 2 -L xil_defaultlib -L unisims_ver -L unimacro_ver -L secureip --snapshot riscv_top_tb_behav xil_defaultlib.riscv_top_tb xil_defaultlib.glbl -log elaborate.log 
Using 2 slave threads.
Starting static elaboration
ERROR: [VRFC 10-2538] module instantiation should have an instance name [C:/Users/root/Documents/Abdullah/riscv_top.sv:109]
ERROR: [XSIM 43-3322] Static elaboration of top level Verilog design unit(s) in library work failed.
INFO: [USF-XSim-69] 'elaborate' step finished in '1' seconds
INFO: [USF-XSim-99] Step results log file:'C:/Users/root/Documents/Abdullah/project_IRJS_types/project_IRJS_types.sim/sim_1/behav/xsim/elaborate.log'
ERROR: [USF-XSim-62] 'elaborate' step failed with error(s). Please check the Tcl console output or 'C:/Users/root/Documents/Abdullah/project_IRJS_types/project_IRJS_types.sim/sim_1/behav/xsim/elaborate.log' file for more information.
ERROR: [Vivado 12-4473] Detected error while running simulation. Please correct the issue and retry this operation.
ERROR: [Common 17-39] 'launch_simulation' failed due to earlier errors.
launch_simulation
INFO: [Vivado 12-5682] Launching behavioral simulation in 'C:/Users/root/Documents/Abdullah/project_IRJS_types/project_IRJS_types.sim/sim_1/behav/xsim'
INFO: [SIM-utils-51] Simulation object is 'sim_1'
INFO: [SIM-utils-54] Inspecting design source files for 'riscv_top_tb' in fileset 'sim_1'...
INFO: [SIM-utils-43] Exported 'C:/Users/root/Documents/Abdullah/project_IRJS_types/project_IRJS_types.sim/sim_1/behav/xsim/instructions.mem'
INFO: [USF-XSim-97] Finding global include files...
INFO: [USF-XSim-98] Fetching design files from 'sim_1'...
INFO: [USF-XSim-2] XSim::Compile design
INFO: [USF-XSim-61] Executing 'COMPILE and ANALYZE' step in 'C:/Users/root/Documents/Abdullah/project_IRJS_types/project_IRJS_types.sim/sim_1/behav/xsim'
"xvlog --incr --relax -prj riscv_top_tb_vlog.prj"
INFO: [VRFC 10-2263] Analyzing SystemVerilog file "C:/Users/root/Documents/Abdullah/alu.sv" into library xil_defaultlib
INFO: [VRFC 10-311] analyzing module alu
INFO: [VRFC 10-2263] Analyzing SystemVerilog file "C:/Users/root/Documents/Abdullah/alu_ctrl.sv" into library xil_defaultlib
INFO: [VRFC 10-311] analyzing module alu_ctrl
INFO: [VRFC 10-2263] Analyzing SystemVerilog file "C:/Users/root/Documents/Abdullah/data_mem.sv" into library xil_defaultlib
INFO: [VRFC 10-311] analyzing module data_mem
INFO: [VRFC 10-2263] Analyzing SystemVerilog file "C:/Users/root/Documents/Abdullah/data_mem_ctrl.sv" into library xil_defaultlib
INFO: [VRFC 10-311] analyzing module data_mem_ctrl
INFO: [VRFC 10-2263] Analyzing SystemVerilog file "C:/Users/root/Documents/Abdullah/i_mem.sv" into library xil_defaultlib
INFO: [VRFC 10-311] analyzing module i_mem
INFO: [VRFC 10-2263] Analyzing SystemVerilog file "C:/Users/root/Documents/Abdullah/imm_gen.sv" into library xil_defaultlib
INFO: [VRFC 10-311] analyzing module imm_gen
INFO: [VRFC 10-2263] Analyzing SystemVerilog file "C:/Users/root/Documents/Abdullah/main_ctrl.sv" into library xil_defaultlib
INFO: [VRFC 10-311] analyzing module main_ctrl
INFO: [VRFC 10-2263] Analyzing SystemVerilog file "C:/Users/root/Documents/Abdullah/program_counter.sv" into library xil_defaultlib
INFO: [VRFC 10-311] analyzing module program_counter
INFO: [VRFC 10-2263] Analyzing SystemVerilog file "C:/Users/root/Documents/Abdullah/reg_file.sv" into library xil_defaultlib
INFO: [VRFC 10-311] analyzing module reg_file
INFO: [VRFC 10-2263] Analyzing SystemVerilog file "C:/Users/root/Documents/Abdullah/riscv_top.sv" into library xil_defaultlib
INFO: [VRFC 10-311] analyzing module riscv_top
INFO: [VRFC 10-2263] Analyzing SystemVerilog file "C:/Users/root/Documents/Abdullah/riscv_top_tb.sv" into library xil_defaultlib
INFO: [VRFC 10-311] analyzing module riscv_top_tb
INFO: [USF-XSim-69] 'compile' step finished in '1' seconds
INFO: [USF-XSim-3] XSim::Elaborate design
INFO: [USF-XSim-61] Executing 'ELABORATE' step in 'C:/Users/root/Documents/Abdullah/project_IRJS_types/project_IRJS_types.sim/sim_1/behav/xsim'
"xelab -wto 72edfa7ef0894110b36fe159e761777f --incr --debug typical --relax --mt 2 -L xil_defaultlib -L unisims_ver -L unimacro_ver -L secureip --snapshot riscv_top_tb_behav xil_defaultlib.riscv_top_tb xil_defaultlib.glbl -log elaborate.log"
Vivado Simulator 2019.1
Copyright 1986-1999, 2001-2019 Xilinx, Inc. All Rights Reserved.
Running: C:/Xilinx/Vivado/2019.1/bin/unwrapped/win64.o/xelab.exe -wto 72edfa7ef0894110b36fe159e761777f --incr --debug typical --relax --mt 2 -L xil_defaultlib -L unisims_ver -L unimacro_ver -L secureip --snapshot riscv_top_tb_behav xil_defaultlib.riscv_top_tb xil_defaultlib.glbl -log elaborate.log 
Using 2 slave threads.
Starting static elaboration
Completed static elaboration
Starting simulation data flow analysis
Completed simulation data flow analysis
Time Resolution for simulation is 1ps
Compiling module xil_defaultlib.program_counter
Compiling module xil_defaultlib.i_mem
Compiling module xil_defaultlib.reg_file
Compiling module xil_defaultlib.imm_gen
Compiling module xil_defaultlib.main_ctrl
Compiling module xil_defaultlib.alu
Compiling module xil_defaultlib.alu_ctrl
Compiling module xil_defaultlib.data_mem_ctrl
Compiling module xil_defaultlib.data_mem
Compiling module xil_defaultlib.riscv_top
Compiling module xil_defaultlib.riscv_top_tb
Compiling module xil_defaultlib.glbl
Built simulation snapshot riscv_top_tb_behav
INFO: [USF-XSim-69] 'elaborate' step finished in '1' seconds
INFO: [USF-XSim-4] XSim::Simulate design
INFO: [USF-XSim-61] Executing 'SIMULATE' step in 'C:/Users/root/Documents/Abdullah/project_IRJS_types/project_IRJS_types.sim/sim_1/behav/xsim'
INFO: [USF-XSim-98] *** Running xsim
   with args "riscv_top_tb_behav -key {Behavioral:sim_1:Functional:riscv_top_tb} -tclbatch {riscv_top_tb.tcl} -view {C:/Users/root/Documents/Abdullah/project_I_R_types/riscv_top_tb_behav.wcfg} -log {simulate.log}"
INFO: [USF-XSim-8] Loading simulator feature
Vivado Simulator 2019.1
Time resolution is 1 ps
open_wave_config C:/Users/root/Documents/Abdullah/project_I_R_types/riscv_top_tb_behav.wcfg
WARNING: Simulation object /data_mem_tb/clk was not found in the design.
WARNING: Simulation object /data_mem_tb/mem_read was not found in the design.
WARNING: Simulation object /data_mem_tb/mem_write was not found in the design.
WARNING: Simulation object /data_mem_tb/write_mask was not found in the design.
WARNING: Simulation object /data_mem_tb/addr was not found in the design.
WARNING: Simulation object /data_mem_tb/write_data was not found in the design.
WARNING: Simulation object /data_mem_tb/read_data was not found in the design.
source riscv_top_tb.tcl
# set curr_wave [current_wave_config]
# if { [string length $curr_wave] == 0 } {
#   if { [llength [get_objects]] > 0} {
#     add_wave /
#     set_property needs_save false [current_wave_config]
#   } else {
#      send_msg_id Add_Wave-1 WARNING "No top level signals found. Simulator will start without a wave window. If you want to open a wave window go to 'File->New Waveform Configuration' or type 'create_wave_config' in the TCL console."
#   }
# }
# run 1000ns
WARNING: File data.mem referenced on C:/Users/root/Documents/Abdullah/data_mem.sv at line 16 cannot be opened for reading. Please ensure that this file is available in the current working directory.
=================================================
          Starting RISC-V Processor              
=================================================
=================================================
          Simulation Complete                    
=================================================
$finish called at time : 220 ns : File "C:/Users/root/Documents/Abdullah/riscv_top_tb.sv" Line 43
INFO: [USF-XSim-96] XSim completed. Design snapshot 'riscv_top_tb_behav' loaded.
INFO: [USF-XSim-97] XSim simulation ran for 1000ns
launch_simulation: Time (s): cpu = 00:00:00 ; elapsed = 00:00:06 . Memory (MB): peak = 839.531 ; gain = 0.000
current_wave_config {riscv_top_tb_behav.wcfg}
riscv_top_tb_behav.wcfg
add_wave {{/riscv_top_tb/dut/rst}} {{/riscv_top_tb/dut/clk}} {{/riscv_top_tb/dut/pc_current}} {{/riscv_top_tb/dut/instruction}} {{/riscv_top_tb/dut/reg_write}} 
current_wave_config {riscv_top_tb_behav.wcfg}
riscv_top_tb_behav.wcfg
add_wave {{/riscv_top_tb/dut/reg_file_inst/rsW}} {{/riscv_top_tb/dut/reg_file_inst/dataW}} 
current_wave_config {riscv_top_tb_behav.wcfg}
riscv_top_tb_behav.wcfg
add_wave {{/riscv_top_tb/dut/data_mem_inst/mem_write}} {{/riscv_top_tb/dut/data_mem_inst/write_mask}} {{/riscv_top_tb/dut/data_mem_inst/addr}} {{/riscv_top_tb/dut/data_mem_inst/write_data}} {{/riscv_top_tb/dut/data_mem_inst/memory}} 
current_wave_config {riscv_top_tb_behav.wcfg}
riscv_top_tb_behav.wcfg
add_wave {{/riscv_top_tb/dut/data_mem_inst/memory[1]}} 
current_wave_config {riscv_top_tb_behav.wcfg}
riscv_top_tb_behav.wcfg
add_wave {{/riscv_top_tb/dut/jump_target}} 
current_wave_config {riscv_top_tb_behav.wcfg}
riscv_top_tb_behav.wcfg
add_wave {{/riscv_top_tb/dut/jump}} 
relaunch_sim
INFO: [Vivado 12-5682] Launching behavioral simulation in 'C:/Users/root/Documents/Abdullah/project_IRJS_types/project_IRJS_types.sim/sim_1/behav/xsim'
INFO: [SIM-utils-51] Simulation object is 'sim_1'
INFO: [SIM-utils-54] Inspecting design source files for 'riscv_top_tb' in fileset 'sim_1'...
INFO: [SIM-utils-43] Exported 'C:/Users/root/Documents/Abdullah/project_IRJS_types/project_IRJS_types.sim/sim_1/behav/xsim/instructions.mem'
INFO: [USF-XSim-97] Finding global include files...
INFO: [USF-XSim-98] Fetching design files from 'sim_1'...
INFO: [USF-XSim-2] XSim::Compile design
INFO: [USF-XSim-61] Executing 'COMPILE and ANALYZE' step in 'C:/Users/root/Documents/Abdullah/project_IRJS_types/project_IRJS_types.sim/sim_1/behav/xsim'
"xvlog --incr --relax -prj riscv_top_tb_vlog.prj"
INFO: [USF-XSim-69] 'compile' step finished in '1' seconds
INFO: [Vivado 12-5682] Launching behavioral simulation in 'C:/Users/root/Documents/Abdullah/project_IRJS_types/project_IRJS_types.sim/sim_1/behav/xsim'
INFO: [USF-XSim-3] XSim::Elaborate design
INFO: [USF-XSim-61] Executing 'ELABORATE' step in 'C:/Users/root/Documents/Abdullah/project_IRJS_types/project_IRJS_types.sim/sim_1/behav/xsim'
"xelab -wto 72edfa7ef0894110b36fe159e761777f --incr --debug typical --relax --mt 2 -L xil_defaultlib -L unisims_ver -L unimacro_ver -L secureip --snapshot riscv_top_tb_behav xil_defaultlib.riscv_top_tb xil_defaultlib.glbl -log elaborate.log"
Vivado Simulator 2019.1
Copyright 1986-1999, 2001-2019 Xilinx, Inc. All Rights Reserved.
Running: C:/Xilinx/Vivado/2019.1/bin/unwrapped/win64.o/xelab.exe -wto 72edfa7ef0894110b36fe159e761777f --incr --debug typical --relax --mt 2 -L xil_defaultlib -L unisims_ver -L unimacro_ver -L secureip --snapshot riscv_top_tb_behav xil_defaultlib.riscv_top_tb xil_defaultlib.glbl -log elaborate.log 
Using 2 slave threads.
Starting static elaboration
Completed static elaboration
INFO: [XSIM 43-4323] No Change in HDL. Linking previously generated obj files to create kernel
INFO: [USF-XSim-69] 'elaborate' step finished in '1' seconds
Vivado Simulator 2019.1
Time resolution is 1 ps
WARNING: File data.mem referenced on C:/Users/root/Documents/Abdullah/data_mem.sv at line 16 cannot be opened for reading. Please ensure that this file is available in the current working directory.
=================================================
          Starting RISC-V Processor              
=================================================
=================================================
          Simulation Complete                    
=================================================
$finish called at time : 220 ns : File "C:/Users/root/Documents/Abdullah/riscv_top_tb.sv" Line 43
relaunch_sim: Time (s): cpu = 00:00:01 ; elapsed = 00:00:06 . Memory (MB): peak = 842.043 ; gain = 0.000
close_sim
INFO: [Simtcl 6-16] Simulation closed
move_files -fileset sim_1 [get_files  {C:/Users/root/Documents/Abdullah/riscv_top_tb.sv C:/Users/root/Documents/Abdullah/alu_ctrl_tb.sv C:/Users/root/Documents/Abdullah/alu_tb.sv C:/Users/root/Documents/Abdullah/data_mem_ctrl_tb.sv C:/Users/root/Documents/Abdullah/data_mem_tb.sv C:/Users/root/Documents/Abdullah/i_mem_tb.sv C:/Users/root/Documents/Abdullah/imm_gen_tb.sv C:/Users/root/Documents/Abdullah/main_ctrl_tb.sv C:/Users/root/Documents/Abdullah/program_counter_tb.sv C:/Users/root/Documents/Abdullah/reg_file_tb.sv}]
ERROR: [filemgmt 20-1460] Files are not permitted to be moved into filesets that already contain the same file path name: 'C:/Users/root/Documents/Abdullah/riscv_top_tb.sv'
move_files -fileset sim_1 [get_files  {C:/Users/root/Documents/Abdullah/riscv_top_tb.sv C:/Users/root/Documents/Abdullah/alu_ctrl_tb.sv C:/Users/root/Documents/Abdullah/alu_tb.sv C:/Users/root/Documents/Abdullah/data_mem_ctrl_tb.sv C:/Users/root/Documents/Abdullah/data_mem_tb.sv C:/Users/root/Documents/Abdullah/i_mem_tb.sv C:/Users/root/Documents/Abdullah/imm_gen_tb.sv C:/Users/root/Documents/Abdullah/main_ctrl_tb.sv C:/Users/root/Documents/Abdullah/program_counter_tb.sv C:/Users/root/Documents/Abdullah/reg_file_tb.sv}]
ERROR: [filemgmt 20-1460] Files are not permitted to be moved into filesets that already contain the same file path name: 'C:/Users/root/Documents/Abdullah/riscv_top_tb.sv'
move_files -fileset sim_1 [get_files  C:/Users/root/Documents/Abdullah/riscv_top_tb.sv]
ERROR: [filemgmt 20-1460] Files are not permitted to be moved into filesets that already contain the same file path name: 'C:/Users/root/Documents/Abdullah/riscv_top_tb.sv'
launch_simulation
INFO: [Vivado 12-5682] Launching behavioral simulation in 'C:/Users/root/Documents/Abdullah/project_IRJS_types/project_IRJS_types.sim/sim_1/behav/xsim'
INFO: [SIM-utils-51] Simulation object is 'sim_1'
INFO: [SIM-utils-54] Inspecting design source files for 'riscv_top_tb' in fileset 'sim_1'...
INFO: [SIM-utils-43] Exported 'C:/Users/root/Documents/Abdullah/project_IRJS_types/project_IRJS_types.sim/sim_1/behav/xsim/instructions.mem'
INFO: [USF-XSim-97] Finding global include files...
INFO: [USF-XSim-98] Fetching design files from 'sim_1'...
INFO: [USF-XSim-2] XSim::Compile design
INFO: [USF-XSim-61] Executing 'COMPILE and ANALYZE' step in 'C:/Users/root/Documents/Abdullah/project_IRJS_types/project_IRJS_types.sim/sim_1/behav/xsim'
"xvlog --incr --relax -prj riscv_top_tb_vlog.prj"
INFO: [USF-XSim-69] 'compile' step finished in '1' seconds
INFO: [USF-XSim-3] XSim::Elaborate design
INFO: [USF-XSim-61] Executing 'ELABORATE' step in 'C:/Users/root/Documents/Abdullah/project_IRJS_types/project_IRJS_types.sim/sim_1/behav/xsim'
"xelab -wto 72edfa7ef0894110b36fe159e761777f --incr --debug typical --relax --mt 2 -L xil_defaultlib -L unisims_ver -L unimacro_ver -L secureip --snapshot riscv_top_tb_behav xil_defaultlib.riscv_top_tb xil_defaultlib.glbl -log elaborate.log"
Vivado Simulator 2019.1
Copyright 1986-1999, 2001-2019 Xilinx, Inc. All Rights Reserved.
Running: C:/Xilinx/Vivado/2019.1/bin/unwrapped/win64.o/xelab.exe -wto 72edfa7ef0894110b36fe159e761777f --incr --debug typical --relax --mt 2 -L xil_defaultlib -L unisims_ver -L unimacro_ver -L secureip --snapshot riscv_top_tb_behav xil_defaultlib.riscv_top_tb xil_defaultlib.glbl -log elaborate.log 
Using 2 slave threads.
Starting static elaboration
Completed static elaboration
INFO: [XSIM 43-4323] No Change in HDL. Linking previously generated obj files to create kernel
INFO: [USF-XSim-69] 'elaborate' step finished in '1' seconds
INFO: [USF-XSim-4] XSim::Simulate design
INFO: [USF-XSim-61] Executing 'SIMULATE' step in 'C:/Users/root/Documents/Abdullah/project_IRJS_types/project_IRJS_types.sim/sim_1/behav/xsim'
INFO: [USF-XSim-98] *** Running xsim
   with args "riscv_top_tb_behav -key {Behavioral:sim_1:Functional:riscv_top_tb} -tclbatch {riscv_top_tb.tcl} -view {C:/Users/root/Documents/Abdullah/project_I_R_types/riscv_top_tb_behav.wcfg} -log {simulate.log}"
INFO: [USF-XSim-8] Loading simulator feature
Vivado Simulator 2019.1
Time resolution is 1 ps
open_wave_config C:/Users/root/Documents/Abdullah/project_I_R_types/riscv_top_tb_behav.wcfg
WARNING: Simulation object /data_mem_tb/clk was not found in the design.
WARNING: Simulation object /data_mem_tb/mem_read was not found in the design.
WARNING: Simulation object /data_mem_tb/mem_write was not found in the design.
WARNING: Simulation object /data_mem_tb/write_mask was not found in the design.
WARNING: Simulation object /data_mem_tb/addr was not found in the design.
WARNING: Simulation object /data_mem_tb/write_data was not found in the design.
WARNING: Simulation object /data_mem_tb/read_data was not found in the design.
source riscv_top_tb.tcl
# set curr_wave [current_wave_config]
# if { [string length $curr_wave] == 0 } {
#   if { [llength [get_objects]] > 0} {
#     add_wave /
#     set_property needs_save false [current_wave_config]
#   } else {
#      send_msg_id Add_Wave-1 WARNING "No top level signals found. Simulator will start without a wave window. If you want to open a wave window go to 'File->New Waveform Configuration' or type 'create_wave_config' in the TCL console."
#   }
# }
# run 1000ns
WARNING: File data.mem referenced on C:/Users/root/Documents/Abdullah/data_mem.sv at line 16 cannot be opened for reading. Please ensure that this file is available in the current working directory.
=================================================
          Starting RISC-V Processor              
=================================================
=================================================
          Simulation Complete                    
=================================================
$finish called at time : 220 ns : File "C:/Users/root/Documents/Abdullah/riscv_top_tb.sv" Line 43
INFO: [USF-XSim-96] XSim completed. Design snapshot 'riscv_top_tb_behav' loaded.
INFO: [USF-XSim-97] XSim simulation ran for 1000ns
current_wave_config {riscv_top_tb_behav.wcfg}
riscv_top_tb_behav.wcfg
add_wave {{/riscv_top_tb/dut/rst}} {{/riscv_top_tb/dut/clk}} 
current_wave_config {riscv_top_tb_behav.wcfg}
riscv_top_tb_behav.wcfg
add_wave {{/riscv_top_tb/dut/pc_current}} 
current_wave_config {riscv_top_tb_behav.wcfg}
riscv_top_tb_behav.wcfg
add_wave {{/riscv_top_tb/dut/instruction}} 
current_wave_config {riscv_top_tb_behav.wcfg}
riscv_top_tb_behav.wcfg
add_wave {{/riscv_top_tb/dut/reg_file_inst/registers}} 
current_wave_config {riscv_top_tb_behav.wcfg}
riscv_top_tb_behav.wcfg
add_wave {{/riscv_top_tb/dut/data_mem_inst/memory}} 
relaunch_sim
INFO: [Vivado 12-5682] Launching behavioral simulation in 'C:/Users/root/Documents/Abdullah/project_IRJS_types/project_IRJS_types.sim/sim_1/behav/xsim'
INFO: [SIM-utils-51] Simulation object is 'sim_1'
INFO: [SIM-utils-54] Inspecting design source files for 'riscv_top_tb' in fileset 'sim_1'...
INFO: [SIM-utils-43] Exported 'C:/Users/root/Documents/Abdullah/project_IRJS_types/project_IRJS_types.sim/sim_1/behav/xsim/instructions.mem'
INFO: [USF-XSim-97] Finding global include files...
INFO: [USF-XSim-98] Fetching design files from 'sim_1'...
INFO: [USF-XSim-2] XSim::Compile design
INFO: [USF-XSim-61] Executing 'COMPILE and ANALYZE' step in 'C:/Users/root/Documents/Abdullah/project_IRJS_types/project_IRJS_types.sim/sim_1/behav/xsim'
"xvlog --incr --relax -prj riscv_top_tb_vlog.prj"
INFO: [USF-XSim-69] 'compile' step finished in '1' seconds
INFO: [Vivado 12-5682] Launching behavioral simulation in 'C:/Users/root/Documents/Abdullah/project_IRJS_types/project_IRJS_types.sim/sim_1/behav/xsim'
INFO: [USF-XSim-3] XSim::Elaborate design
INFO: [USF-XSim-61] Executing 'ELABORATE' step in 'C:/Users/root/Documents/Abdullah/project_IRJS_types/project_IRJS_types.sim/sim_1/behav/xsim'
"xelab -wto 72edfa7ef0894110b36fe159e761777f --incr --debug typical --relax --mt 2 -L xil_defaultlib -L unisims_ver -L unimacro_ver -L secureip --snapshot riscv_top_tb_behav xil_defaultlib.riscv_top_tb xil_defaultlib.glbl -log elaborate.log"
Vivado Simulator 2019.1
Copyright 1986-1999, 2001-2019 Xilinx, Inc. All Rights Reserved.
Running: C:/Xilinx/Vivado/2019.1/bin/unwrapped/win64.o/xelab.exe -wto 72edfa7ef0894110b36fe159e761777f --incr --debug typical --relax --mt 2 -L xil_defaultlib -L unisims_ver -L unimacro_ver -L secureip --snapshot riscv_top_tb_behav xil_defaultlib.riscv_top_tb xil_defaultlib.glbl -log elaborate.log 
Using 2 slave threads.
Starting static elaboration
Completed static elaboration
INFO: [XSIM 43-4323] No Change in HDL. Linking previously generated obj files to create kernel
INFO: [USF-XSim-69] 'elaborate' step finished in '1' seconds
Vivado Simulator 2019.1
Time resolution is 1 ps
WARNING: File data.mem referenced on C:/Users/root/Documents/Abdullah/data_mem.sv at line 16 cannot be opened for reading. Please ensure that this file is available in the current working directory.
=================================================
          Starting RISC-V Processor              
=================================================
=================================================
          Simulation Complete                    
=================================================
$finish called at time : 220 ns : File "C:/Users/root/Documents/Abdullah/riscv_top_tb.sv" Line 43
relaunch_sim: Time (s): cpu = 00:00:00 ; elapsed = 00:00:05 . Memory (MB): peak = 1276.676 ; gain = 0.000
relaunch_sim
INFO: [Vivado 12-5682] Launching behavioral simulation in 'C:/Users/root/Documents/Abdullah/project_IRJS_types/project_IRJS_types.sim/sim_1/behav/xsim'
INFO: [SIM-utils-51] Simulation object is 'sim_1'
INFO: [SIM-utils-54] Inspecting design source files for 'riscv_top_tb' in fileset 'sim_1'...
INFO: [SIM-utils-43] Exported 'C:/Users/root/Documents/Abdullah/project_IRJS_types/project_IRJS_types.sim/sim_1/behav/xsim/instructions.mem'
INFO: [USF-XSim-97] Finding global include files...
INFO: [USF-XSim-98] Fetching design files from 'sim_1'...
INFO: [USF-XSim-2] XSim::Compile design
INFO: [USF-XSim-61] Executing 'COMPILE and ANALYZE' step in 'C:/Users/root/Documents/Abdullah/project_IRJS_types/project_IRJS_types.sim/sim_1/behav/xsim'
"xvlog --incr --relax -prj riscv_top_tb_vlog.prj"
INFO: [USF-XSim-69] 'compile' step finished in '1' seconds
INFO: [Vivado 12-5682] Launching behavioral simulation in 'C:/Users/root/Documents/Abdullah/project_IRJS_types/project_IRJS_types.sim/sim_1/behav/xsim'
INFO: [USF-XSim-3] XSim::Elaborate design
INFO: [USF-XSim-61] Executing 'ELABORATE' step in 'C:/Users/root/Documents/Abdullah/project_IRJS_types/project_IRJS_types.sim/sim_1/behav/xsim'
"xelab -wto 72edfa7ef0894110b36fe159e761777f --incr --debug typical --relax --mt 2 -L xil_defaultlib -L unisims_ver -L unimacro_ver -L secureip --snapshot riscv_top_tb_behav xil_defaultlib.riscv_top_tb xil_defaultlib.glbl -log elaborate.log"
Vivado Simulator 2019.1
Copyright 1986-1999, 2001-2019 Xilinx, Inc. All Rights Reserved.
Running: C:/Xilinx/Vivado/2019.1/bin/unwrapped/win64.o/xelab.exe -wto 72edfa7ef0894110b36fe159e761777f --incr --debug typical --relax --mt 2 -L xil_defaultlib -L unisims_ver -L unimacro_ver -L secureip --snapshot riscv_top_tb_behav xil_defaultlib.riscv_top_tb xil_defaultlib.glbl -log elaborate.log 
Using 2 slave threads.
Starting static elaboration
Completed static elaboration
INFO: [XSIM 43-4323] No Change in HDL. Linking previously generated obj files to create kernel
INFO: [USF-XSim-69] 'elaborate' step finished in '1' seconds
Vivado Simulator 2019.1
Time resolution is 1 ps
WARNING: File data.mem referenced on C:/Users/root/Documents/Abdullah/data_mem.sv at line 16 cannot be opened for reading. Please ensure that this file is available in the current working directory.
=================================================
          Starting RISC-V Processor              
=================================================
=================================================
          Simulation Complete                    
=================================================
$finish called at time : 220 ns : File "C:/Users/root/Documents/Abdullah/riscv_top_tb.sv" Line 43
relaunch_sim: Time (s): cpu = 00:00:01 ; elapsed = 00:00:05 . Memory (MB): peak = 1276.676 ; gain = 0.000
relaunch_sim
INFO: [Vivado 12-5682] Launching behavioral simulation in 'C:/Users/root/Documents/Abdullah/project_IRJS_types/project_IRJS_types.sim/sim_1/behav/xsim'
INFO: [SIM-utils-51] Simulation object is 'sim_1'
INFO: [SIM-utils-54] Inspecting design source files for 'riscv_top_tb' in fileset 'sim_1'...
INFO: [SIM-utils-43] Exported 'C:/Users/root/Documents/Abdullah/project_IRJS_types/project_IRJS_types.sim/sim_1/behav/xsim/instructions.mem'
INFO: [USF-XSim-97] Finding global include files...
INFO: [USF-XSim-98] Fetching design files from 'sim_1'...
INFO: [USF-XSim-2] XSim::Compile design
INFO: [USF-XSim-61] Executing 'COMPILE and ANALYZE' step in 'C:/Users/root/Documents/Abdullah/project_IRJS_types/project_IRJS_types.sim/sim_1/behav/xsim'
"xvlog --incr --relax -prj riscv_top_tb_vlog.prj"
INFO: [USF-XSim-69] 'compile' step finished in '1' seconds
INFO: [Vivado 12-5682] Launching behavioral simulation in 'C:/Users/root/Documents/Abdullah/project_IRJS_types/project_IRJS_types.sim/sim_1/behav/xsim'
INFO: [USF-XSim-3] XSim::Elaborate design
INFO: [USF-XSim-61] Executing 'ELABORATE' step in 'C:/Users/root/Documents/Abdullah/project_IRJS_types/project_IRJS_types.sim/sim_1/behav/xsim'
"xelab -wto 72edfa7ef0894110b36fe159e761777f --incr --debug typical --relax --mt 2 -L xil_defaultlib -L unisims_ver -L unimacro_ver -L secureip --snapshot riscv_top_tb_behav xil_defaultlib.riscv_top_tb xil_defaultlib.glbl -log elaborate.log"
Vivado Simulator 2019.1
Copyright 1986-1999, 2001-2019 Xilinx, Inc. All Rights Reserved.
Running: C:/Xilinx/Vivado/2019.1/bin/unwrapped/win64.o/xelab.exe -wto 72edfa7ef0894110b36fe159e761777f --incr --debug typical --relax --mt 2 -L xil_defaultlib -L unisims_ver -L unimacro_ver -L secureip --snapshot riscv_top_tb_behav xil_defaultlib.riscv_top_tb xil_defaultlib.glbl -log elaborate.log 
Using 2 slave threads.
Starting static elaboration
Completed static elaboration
INFO: [XSIM 43-4323] No Change in HDL. Linking previously generated obj files to create kernel
INFO: [USF-XSim-69] 'elaborate' step finished in '1' seconds
Vivado Simulator 2019.1
Time resolution is 1 ps
WARNING: File data.mem referenced on C:/Users/root/Documents/Abdullah/data_mem.sv at line 16 cannot be opened for reading. Please ensure that this file is available in the current working directory.
=================================================
          Starting RISC-V Processor              
=================================================
=================================================
          Simulation Complete                    
=================================================
$finish called at time : 220 ns : File "C:/Users/root/Documents/Abdullah/riscv_top_tb.sv" Line 43
relaunch_xsim_kernel: Time (s): cpu = 00:00:00 ; elapsed = 00:00:06 . Memory (MB): peak = 1276.676 ; gain = 0.000
relaunch_sim: Time (s): cpu = 00:00:00 ; elapsed = 00:00:09 . Memory (MB): peak = 1276.676 ; gain = 0.000
relaunch_sim
INFO: [Vivado 12-5682] Launching behavioral simulation in 'C:/Users/root/Documents/Abdullah/project_IRJS_types/project_IRJS_types.sim/sim_1/behav/xsim'
INFO: [SIM-utils-51] Simulation object is 'sim_1'
INFO: [SIM-utils-54] Inspecting design source files for 'riscv_top_tb' in fileset 'sim_1'...
INFO: [SIM-utils-43] Exported 'C:/Users/root/Documents/Abdullah/project_IRJS_types/project_IRJS_types.sim/sim_1/behav/xsim/instructions.mem'
INFO: [USF-XSim-97] Finding global include files...
INFO: [USF-XSim-98] Fetching design files from 'sim_1'...
INFO: [USF-XSim-2] XSim::Compile design
INFO: [USF-XSim-61] Executing 'COMPILE and ANALYZE' step in 'C:/Users/root/Documents/Abdullah/project_IRJS_types/project_IRJS_types.sim/sim_1/behav/xsim'
"xvlog --incr --relax -prj riscv_top_tb_vlog.prj"
INFO: [USF-XSim-69] 'compile' step finished in '1' seconds
INFO: [Vivado 12-5682] Launching behavioral simulation in 'C:/Users/root/Documents/Abdullah/project_IRJS_types/project_IRJS_types.sim/sim_1/behav/xsim'
INFO: [USF-XSim-3] XSim::Elaborate design
INFO: [USF-XSim-61] Executing 'ELABORATE' step in 'C:/Users/root/Documents/Abdullah/project_IRJS_types/project_IRJS_types.sim/sim_1/behav/xsim'
"xelab -wto 72edfa7ef0894110b36fe159e761777f --incr --debug typical --relax --mt 2 -L xil_defaultlib -L unisims_ver -L unimacro_ver -L secureip --snapshot riscv_top_tb_behav xil_defaultlib.riscv_top_tb xil_defaultlib.glbl -log elaborate.log"
Vivado Simulator 2019.1
Copyright 1986-1999, 2001-2019 Xilinx, Inc. All Rights Reserved.
Running: C:/Xilinx/Vivado/2019.1/bin/unwrapped/win64.o/xelab.exe -wto 72edfa7ef0894110b36fe159e761777f --incr --debug typical --relax --mt 2 -L xil_defaultlib -L unisims_ver -L unimacro_ver -L secureip --snapshot riscv_top_tb_behav xil_defaultlib.riscv_top_tb xil_defaultlib.glbl -log elaborate.log 
Using 2 slave threads.
Starting static elaboration
Completed static elaboration
INFO: [XSIM 43-4323] No Change in HDL. Linking previously generated obj files to create kernel
INFO: [USF-XSim-69] 'elaborate' step finished in '1' seconds
Vivado Simulator 2019.1
Time resolution is 1 ps
WARNING: File data.mem referenced on C:/Users/root/Documents/Abdullah/data_mem.sv at line 16 cannot be opened for reading. Please ensure that this file is available in the current working directory.
=================================================
          Starting RISC-V Processor              
=================================================
=================================================
          Simulation Complete                    
=================================================
$finish called at time : 220 ns : File "C:/Users/root/Documents/Abdullah/riscv_top_tb.sv" Line 43
relaunch_sim: Time (s): cpu = 00:00:00 ; elapsed = 00:00:05 . Memory (MB): peak = 1276.676 ; gain = 0.000
relaunch_sim
INFO: [Vivado 12-5682] Launching behavioral simulation in 'C:/Users/root/Documents/Abdullah/project_IRJS_types/project_IRJS_types.sim/sim_1/behav/xsim'
INFO: [SIM-utils-51] Simulation object is 'sim_1'
INFO: [SIM-utils-54] Inspecting design source files for 'riscv_top_tb' in fileset 'sim_1'...
INFO: [SIM-utils-43] Exported 'C:/Users/root/Documents/Abdullah/project_IRJS_types/project_IRJS_types.sim/sim_1/behav/xsim/instructions.mem'
INFO: [USF-XSim-97] Finding global include files...
INFO: [USF-XSim-98] Fetching design files from 'sim_1'...
INFO: [USF-XSim-2] XSim::Compile design
INFO: [USF-XSim-61] Executing 'COMPILE and ANALYZE' step in 'C:/Users/root/Documents/Abdullah/project_IRJS_types/project_IRJS_types.sim/sim_1/behav/xsim'
"xvlog --incr --relax -prj riscv_top_tb_vlog.prj"
INFO: [USF-XSim-69] 'compile' step finished in '1' seconds
INFO: [Vivado 12-5682] Launching behavioral simulation in 'C:/Users/root/Documents/Abdullah/project_IRJS_types/project_IRJS_types.sim/sim_1/behav/xsim'
INFO: [USF-XSim-3] XSim::Elaborate design
INFO: [USF-XSim-61] Executing 'ELABORATE' step in 'C:/Users/root/Documents/Abdullah/project_IRJS_types/project_IRJS_types.sim/sim_1/behav/xsim'
"xelab -wto 72edfa7ef0894110b36fe159e761777f --incr --debug typical --relax --mt 2 -L xil_defaultlib -L unisims_ver -L unimacro_ver -L secureip --snapshot riscv_top_tb_behav xil_defaultlib.riscv_top_tb xil_defaultlib.glbl -log elaborate.log"
Vivado Simulator 2019.1
Copyright 1986-1999, 2001-2019 Xilinx, Inc. All Rights Reserved.
Running: C:/Xilinx/Vivado/2019.1/bin/unwrapped/win64.o/xelab.exe -wto 72edfa7ef0894110b36fe159e761777f --incr --debug typical --relax --mt 2 -L xil_defaultlib -L unisims_ver -L unimacro_ver -L secureip --snapshot riscv_top_tb_behav xil_defaultlib.riscv_top_tb xil_defaultlib.glbl -log elaborate.log 
Using 2 slave threads.
Starting static elaboration
Completed static elaboration
INFO: [XSIM 43-4323] No Change in HDL. Linking previously generated obj files to create kernel
INFO: [USF-XSim-69] 'elaborate' step finished in '1' seconds
Vivado Simulator 2019.1
Time resolution is 1 ps
WARNING: File data.mem referenced on C:/Users/root/Documents/Abdullah/data_mem.sv at line 16 cannot be opened for reading. Please ensure that this file is available in the current working directory.
=================================================
          Starting RISC-V Processor              
=================================================
=================================================
          Simulation Complete                    
=================================================
$finish called at time : 220 ns : File "C:/Users/root/Documents/Abdullah/riscv_top_tb.sv" Line 43
relaunch_sim: Time (s): cpu = 00:00:00 ; elapsed = 00:00:05 . Memory (MB): peak = 1276.676 ; gain = 0.000
