Vivado Simulator 2019.1
Copyright 1986-1999, 2001-2019 Xilinx, Inc. All Rights Reserved.
Running: C:/Xilinx/Vivado/2019.1/bin/unwrapped/win64.o/xelab.exe -wto d03655c9cf0e414e88dd1ca34dfb5536 --incr --debug typical --relax --mt 2 -L xil_defaultlib -L unisims_ver -L unimacro_ver -L secureip --snapshot riscv_top_tb_behav xil_defaultlib.riscv_top_tb xil_defaultlib.glbl -log elaborate.log 
Using 2 slave threads.
Starting static elaboration
Completed static elaboration
Starting simulation data flow analysis
Completed simulation data flow analysis
Time Resolution for simulation is 1ps
Compiling module xil_defaultlib.program_counter
Compiling module xil_defaultlib.i_mem
Compiling module xil_defaultlib.reg_file
Compiling module xil_defaultlib.imm_gen
Compiling module xil_defaultlib.main_ctrl
Compiling module xil_defaultlib.alu
Compiling module xil_defaultlib.alu_ctrl
Compiling module xil_defaultlib.riscv_top
Compiling module xil_defaultlib.riscv_top_tb
Compiling module xil_defaultlib.glbl
Built simulation snapshot riscv_top_tb_behav
