
*** Running vivado
    with args -log riscv_top.vds -m64 -product Vivado -mode batch -messageDb vivado.pb -notrace -source riscv_top.tcl


****** Vivado v2019.1 (64-bit)
  **** SW Build 2552052 on Fri May 24 14:49:42 MDT 2019
  **** IP Build 2548770 on Fri May 24 18:01:18 MDT 2019
    ** Copyright 1986-2019 Xilinx, Inc. All Rights Reserved.

source riscv_top.tcl -notrace
Command: synth_design -top riscv_top -part xc7k70tfbv676-1
Starting synth_design
Attempting to get a license for feature 'Synthesis' and/or device 'xc7k70t'
INFO: [Common 17-349] Got license for feature 'Synthesis' and/or device 'xc7k70t'
INFO: Launching helper process for spawning children vivado processes
INFO: Helper process launched with PID 13000 
---------------------------------------------------------------------------------
Starting Synthesize : Time (s): cpu = 00:00:01 ; elapsed = 00:00:01 . Memory (MB): peak = 469.941 ; gain = 179.125
---------------------------------------------------------------------------------
INFO: [Synth 8-6157] synthesizing module 'riscv_top' [C:/Users/root/Documents/Abdullah/riscv_top.sv:3]
INFO: [Synth 8-6157] synthesizing module 'program_counter' [C:/Users/root/Documents/Abdullah/program_counter.sv:1]
INFO: [Synth 8-6155] done synthesizing module 'program_counter' (1#1) [C:/Users/root/Documents/Abdullah/program_counter.sv:1]
INFO: [Synth 8-6157] synthesizing module 'i_mem' [C:/Users/root/Documents/Abdullah/i_mem.sv:1]
INFO: [Synth 8-3876] $readmem data file 'instructions.mem' is read successfully [C:/Users/root/Documents/Abdullah/i_mem.sv:11]
INFO: [Synth 8-6155] done synthesizing module 'i_mem' (2#1) [C:/Users/root/Documents/Abdullah/i_mem.sv:1]
INFO: [Synth 8-6157] synthesizing module 'reg_file' [C:/Users/root/Documents/Abdullah/reg_file.sv:1]
INFO: [Synth 8-6155] done synthesizing module 'reg_file' (3#1) [C:/Users/root/Documents/Abdullah/reg_file.sv:1]
INFO: [Synth 8-6157] synthesizing module 'imm_gen' [C:/Users/root/Documents/Abdullah/imm_gen.sv:1]
INFO: [Synth 8-6155] done synthesizing module 'imm_gen' (4#1) [C:/Users/root/Documents/Abdullah/imm_gen.sv:1]
INFO: [Synth 8-6157] synthesizing module 'main_ctrl' [C:/Users/root/Documents/Abdullah/main_ctrl.sv:3]
INFO: [Synth 8-6155] done synthesizing module 'main_ctrl' (5#1) [C:/Users/root/Documents/Abdullah/main_ctrl.sv:3]
INFO: [Synth 8-6157] synthesizing module 'alu' [C:/Users/root/Documents/Abdullah/alu.sv:2]
INFO: [Synth 8-6155] done synthesizing module 'alu' (6#1) [C:/Users/root/Documents/Abdullah/alu.sv:2]
INFO: [Synth 8-6157] synthesizing module 'alu_ctrl' [C:/Users/root/Documents/Abdullah/alu_ctrl.sv:3]
INFO: [Synth 8-226] default block is never used [C:/Users/root/Documents/Abdullah/alu_ctrl.sv:12]
INFO: [Synth 8-226] default block is never used [C:/Users/root/Documents/Abdullah/alu_ctrl.sv:16]
INFO: [Synth 8-6155] done synthesizing module 'alu_ctrl' (7#1) [C:/Users/root/Documents/Abdullah/alu_ctrl.sv:3]
INFO: [Synth 8-6157] synthesizing module 'data_mem' [C:/Users/root/Documents/Abdullah/data_mem.sv:3]
CRITICAL WARNING: [Synth 8-4445] could not open $readmem data file 'data.mem'; please make sure the file is added to project and has read permission, ignoring [C:/Users/root/Documents/Abdullah/data_mem.sv:15]
INFO: [Synth 8-6155] done synthesizing module 'data_mem' (8#1) [C:/Users/root/Documents/Abdullah/data_mem.sv:3]
INFO: [Synth 8-6155] done synthesizing module 'riscv_top' (9#1) [C:/Users/root/Documents/Abdullah/riscv_top.sv:3]
WARNING: [Synth 8-3331] design data_mem has unconnected port addr[31]
WARNING: [Synth 8-3331] design data_mem has unconnected port addr[30]
WARNING: [Synth 8-3331] design data_mem has unconnected port addr[29]
WARNING: [Synth 8-3331] design data_mem has unconnected port addr[28]
WARNING: [Synth 8-3331] design data_mem has unconnected port addr[27]
WARNING: [Synth 8-3331] design data_mem has unconnected port addr[26]
WARNING: [Synth 8-3331] design data_mem has unconnected port addr[25]
WARNING: [Synth 8-3331] design data_mem has unconnected port addr[24]
WARNING: [Synth 8-3331] design data_mem has unconnected port addr[23]
WARNING: [Synth 8-3331] design data_mem has unconnected port addr[22]
WARNING: [Synth 8-3331] design data_mem has unconnected port addr[21]
WARNING: [Synth 8-3331] design data_mem has unconnected port addr[20]
WARNING: [Synth 8-3331] design data_mem has unconnected port addr[19]
WARNING: [Synth 8-3331] design data_mem has unconnected port addr[18]
WARNING: [Synth 8-3331] design data_mem has unconnected port addr[17]
WARNING: [Synth 8-3331] design data_mem has unconnected port addr[16]
WARNING: [Synth 8-3331] design data_mem has unconnected port addr[15]
WARNING: [Synth 8-3331] design data_mem has unconnected port addr[14]
WARNING: [Synth 8-3331] design data_mem has unconnected port addr[13]
WARNING: [Synth 8-3331] design data_mem has unconnected port addr[12]
WARNING: [Synth 8-3331] design data_mem has unconnected port addr[1]
WARNING: [Synth 8-3331] design data_mem has unconnected port addr[0]
WARNING: [Synth 8-3331] design i_mem has unconnected port addr[1]
WARNING: [Synth 8-3331] design i_mem has unconnected port addr[0]
---------------------------------------------------------------------------------
Finished Synthesize : Time (s): cpu = 00:00:01 ; elapsed = 00:00:02 . Memory (MB): peak = 533.957 ; gain = 243.141
---------------------------------------------------------------------------------
---------------------------------------------------------------------------------
Finished Constraint Validation : Time (s): cpu = 00:00:02 ; elapsed = 00:00:02 . Memory (MB): peak = 533.957 ; gain = 243.141
---------------------------------------------------------------------------------
---------------------------------------------------------------------------------
Start Loading Part and Timing Information
---------------------------------------------------------------------------------
Loading part: xc7k70tfbv676-1
INFO: [Device 21-403] Loading part xc7k70tfbv676-1
---------------------------------------------------------------------------------
Finished Loading Part and Timing Information : Time (s): cpu = 00:00:02 ; elapsed = 00:00:02 . Memory (MB): peak = 533.957 ; gain = 243.141
---------------------------------------------------------------------------------
INFO: [Synth 8-5544] ROM "memory" won't be mapped to Block RAM because address size (4) smaller than threshold (5)
INFO: [Synth 8-5546] ROM "alu_op" won't be mapped to RAM because it is too sparse
---------------------------------------------------------------------------------
Finished RTL Optimization Phase 2 : Time (s): cpu = 00:00:02 ; elapsed = 00:00:03 . Memory (MB): peak = 533.957 ; gain = 243.141
---------------------------------------------------------------------------------

Report RTL Partitions: 
+-+--------------+------------+----------+
| |RTL Partition |Replication |Instances |
+-+--------------+------------+----------+
+-+--------------+------------+----------+
No constraint files found.
---------------------------------------------------------------------------------
Start RTL Component Statistics 
---------------------------------------------------------------------------------
Detailed RTL Component Info : 
+---Adders : 
	   2 Input     32 Bit       Adders := 3     
	   3 Input     32 Bit       Adders := 1     
+---XORs : 
	   2 Input     32 Bit         XORs := 1     
+---Registers : 
	               32 Bit    Registers := 33    
+---Muxes : 
	  11 Input     32 Bit        Muxes := 1     
	   2 Input     32 Bit        Muxes := 134   
	  33 Input     32 Bit        Muxes := 2     
	   4 Input     32 Bit        Muxes := 1     
	   4 Input      4 Bit        Muxes := 1     
	   8 Input      4 Bit        Muxes := 2     
	   2 Input      3 Bit        Muxes := 1     
	   4 Input      2 Bit        Muxes := 1     
	   7 Input      2 Bit        Muxes := 1     
	   2 Input      1 Bit        Muxes := 128   
	   7 Input      1 Bit        Muxes := 5     
---------------------------------------------------------------------------------
Finished RTL Component Statistics 
---------------------------------------------------------------------------------
---------------------------------------------------------------------------------
Start RTL Hierarchical Component Statistics 
---------------------------------------------------------------------------------
Hierarchical RTL Component report 
Module riscv_top 
Detailed RTL Component Info : 
+---Adders : 
	   2 Input     32 Bit       Adders := 2     
+---Muxes : 
	   2 Input     32 Bit        Muxes := 5     
Module program_counter 
Detailed RTL Component Info : 
+---Registers : 
	               32 Bit    Registers := 1     
Module i_mem 
Detailed RTL Component Info : 
+---Muxes : 
	  11 Input     32 Bit        Muxes := 1     
Module reg_file 
Detailed RTL Component Info : 
+---Registers : 
	               32 Bit    Registers := 32    
+---Muxes : 
	   2 Input     32 Bit        Muxes := 128   
	  33 Input     32 Bit        Muxes := 2     
	   2 Input      1 Bit        Muxes := 128   
Module imm_gen 
Detailed RTL Component Info : 
+---Muxes : 
	   4 Input     32 Bit        Muxes := 1     
	   4 Input      2 Bit        Muxes := 1     
Module main_ctrl 
Detailed RTL Component Info : 
+---Muxes : 
	   7 Input      2 Bit        Muxes := 1     
	   7 Input      1 Bit        Muxes := 5     
Module alu 
Detailed RTL Component Info : 
+---Adders : 
	   2 Input     32 Bit       Adders := 1     
	   3 Input     32 Bit       Adders := 1     
+---XORs : 
	   2 Input     32 Bit         XORs := 1     
Module alu_ctrl 
Detailed RTL Component Info : 
+---Muxes : 
	   4 Input      4 Bit        Muxes := 1     
	   8 Input      4 Bit        Muxes := 2     
	   2 Input      3 Bit        Muxes := 1     
Module data_mem 
Detailed RTL Component Info : 
+---Muxes : 
	   2 Input     32 Bit        Muxes := 1     
---------------------------------------------------------------------------------
Finished RTL Hierarchical Component Statistics
---------------------------------------------------------------------------------
---------------------------------------------------------------------------------
Start Part Resource Summary
---------------------------------------------------------------------------------
Part Resources:
DSPs: 240 (col length:80)
BRAMs: 270 (col length: RAMB18 80 RAMB36 40)
---------------------------------------------------------------------------------
Finished Part Resource Summary
---------------------------------------------------------------------------------
No constraint files found.
---------------------------------------------------------------------------------
Start Cross Boundary and Area Optimization
---------------------------------------------------------------------------------
Warning: Parallel synthesis criteria is not met 
INFO: [Synth 8-5546] ROM "main_ctrl_inst/alu_op" won't be mapped to RAM because it is too sparse
---------------------------------------------------------------------------------
Finished Cross Boundary and Area Optimization : Time (s): cpu = 00:00:03 ; elapsed = 00:00:04 . Memory (MB): peak = 681.066 ; gain = 390.250
---------------------------------------------------------------------------------

Report RTL Partitions: 
+-+--------------+------------+----------+
| |RTL Partition |Replication |Instances |
+-+--------------+------------+----------+
+-+--------------+------------+----------+
No constraint files found.
---------------------------------------------------------------------------------
Start Timing Optimization
---------------------------------------------------------------------------------
---------------------------------------------------------------------------------
Finished Timing Optimization : Time (s): cpu = 00:00:03 ; elapsed = 00:00:04 . Memory (MB): peak = 681.066 ; gain = 390.250
---------------------------------------------------------------------------------

Report RTL Partitions: 
+-+--------------+------------+----------+
| |RTL Partition |Replication |Instances |
+-+--------------+------------+----------+
+-+--------------+------------+----------+
---------------------------------------------------------------------------------
Start Technology Mapping
---------------------------------------------------------------------------------
---------------------------------------------------------------------------------
Finished Technology Mapping : Time (s): cpu = 00:00:03 ; elapsed = 00:00:04 . Memory (MB): peak = 681.066 ; gain = 390.250
---------------------------------------------------------------------------------

Report RTL Partitions: 
+-+--------------+------------+----------+
| |RTL Partition |Replication |Instances |
+-+--------------+------------+----------+
+-+--------------+------------+----------+
---------------------------------------------------------------------------------
Start IO Insertion
---------------------------------------------------------------------------------
---------------------------------------------------------------------------------
Start Flattening Before IO Insertion
---------------------------------------------------------------------------------
---------------------------------------------------------------------------------
Finished Flattening Before IO Insertion
---------------------------------------------------------------------------------
---------------------------------------------------------------------------------
Start Final Netlist Cleanup
---------------------------------------------------------------------------------
---------------------------------------------------------------------------------
Finished Final Netlist Cleanup
---------------------------------------------------------------------------------
---------------------------------------------------------------------------------
Finished IO Insertion : Time (s): cpu = 00:00:04 ; elapsed = 00:00:05 . Memory (MB): peak = 681.066 ; gain = 390.250
---------------------------------------------------------------------------------

Report Check Netlist: 
+------+------------------+-------+---------+-------+------------------+
|      |Item              |Errors |Warnings |Status |Description       |
+------+------------------+-------+---------+-------+------------------+
|1     |multi_driven_nets |      0|        0|Passed |Multi driven nets |
+------+------------------+-------+---------+-------+------------------+
---------------------------------------------------------------------------------
Start Renaming Generated Instances
---------------------------------------------------------------------------------
---------------------------------------------------------------------------------
Finished Renaming Generated Instances : Time (s): cpu = 00:00:04 ; elapsed = 00:00:05 . Memory (MB): peak = 681.066 ; gain = 390.250
---------------------------------------------------------------------------------

Report RTL Partitions: 
+-+--------------+------------+----------+
| |RTL Partition |Replication |Instances |
+-+--------------+------------+----------+
+-+--------------+------------+----------+
---------------------------------------------------------------------------------
Start Rebuilding User Hierarchy
---------------------------------------------------------------------------------
---------------------------------------------------------------------------------
Finished Rebuilding User Hierarchy : Time (s): cpu = 00:00:04 ; elapsed = 00:00:05 . Memory (MB): peak = 681.066 ; gain = 390.250
---------------------------------------------------------------------------------
---------------------------------------------------------------------------------
Start Renaming Generated Ports
---------------------------------------------------------------------------------
---------------------------------------------------------------------------------
Finished Renaming Generated Ports : Time (s): cpu = 00:00:04 ; elapsed = 00:00:05 . Memory (MB): peak = 681.066 ; gain = 390.250
---------------------------------------------------------------------------------
---------------------------------------------------------------------------------
Start Handling Custom Attributes
---------------------------------------------------------------------------------
---------------------------------------------------------------------------------
Finished Handling Custom Attributes : Time (s): cpu = 00:00:04 ; elapsed = 00:00:05 . Memory (MB): peak = 681.066 ; gain = 390.250
---------------------------------------------------------------------------------
---------------------------------------------------------------------------------
Start Renaming Generated Nets
---------------------------------------------------------------------------------
---------------------------------------------------------------------------------
Finished Renaming Generated Nets : Time (s): cpu = 00:00:04 ; elapsed = 00:00:05 . Memory (MB): peak = 681.066 ; gain = 390.250
---------------------------------------------------------------------------------
---------------------------------------------------------------------------------
Start Writing Synthesis Report
---------------------------------------------------------------------------------

Report BlackBoxes: 
+-+--------------+----------+
| |BlackBox name |Instances |
+-+--------------+----------+
+-+--------------+----------+

Report Cell Usage: 
+-+-----+------+
| |Cell |Count |
+-+-----+------+
+-+-----+------+

Report Instance Areas: 
+------+---------+-------+------+
|      |Instance |Module |Cells |
+------+---------+-------+------+
|1     |top      |       |     0|
+------+---------+-------+------+
---------------------------------------------------------------------------------
Finished Writing Synthesis Report : Time (s): cpu = 00:00:04 ; elapsed = 00:00:05 . Memory (MB): peak = 681.066 ; gain = 390.250
---------------------------------------------------------------------------------
Synthesis finished with 0 errors, 1 critical warnings and 24 warnings.
Synthesis Optimization Runtime : Time (s): cpu = 00:00:04 ; elapsed = 00:00:05 . Memory (MB): peak = 681.066 ; gain = 390.250
Synthesis Optimization Complete : Time (s): cpu = 00:00:04 ; elapsed = 00:00:05 . Memory (MB): peak = 681.066 ; gain = 390.250
INFO: [Project 1-571] Translating synthesized netlist
INFO: [Project 1-570] Preparing netlist for logic optimization
INFO: [Opt 31-138] Pushed 0 inverter(s) to 0 load pin(s).
Netlist sorting complete. Time (s): cpu = 00:00:00 ; elapsed = 00:00:00 . Memory (MB): peak = 782.664 ; gain = 0.000
INFO: [Project 1-111] Unisim Transformation Summary:
No Unisim elements were transformed.

INFO: [Common 17-83] Releasing license: Synthesis
31 Infos, 24 Warnings, 1 Critical Warnings and 0 Errors encountered.
synth_design completed successfully
synth_design: Time (s): cpu = 00:00:05 ; elapsed = 00:00:09 . Memory (MB): peak = 782.664 ; gain = 491.848
Netlist sorting complete. Time (s): cpu = 00:00:00 ; elapsed = 00:00:00 . Memory (MB): peak = 782.664 ; gain = 0.000
WARNING: [Constraints 18-5210] No constraints selected for write.
Resolution: This message can indicate that there are no constraints for the design, or it can indicate that the used_in flags are set such that the constraints are ignored. This later case is used when running synth_design to not write synthesis constraints to the resulting checkpoint. Instead, project constraints are read when the synthesized design is opened.
INFO: [Common 17-1381] The checkpoint 'C:/Users/root/Documents/Abdullah/project_IRJS_types/project_IRJS_types.runs/synth_1/riscv_top.dcp' has been generated.
INFO: [runtcl-4] Executing : report_utilization -file riscv_top_utilization_synth.rpt -pb riscv_top_utilization_synth.pb
INFO: [Common 17-206] Exiting Vivado at Thu Jul 23 15:12:24 2026...
